#
# A fatal error has been detected by the Java Runtime Environment:
#
#  SIGSEGV (0xb) at pc=0x00000001100fad25, pid=34653, tid=922115
#
# JRE version: Java(TM) SE Runtime Environment (7.0_51-b13) (build 1.7.0_51-b13)
# Java VM: Java HotSpot(TM) 64-Bit Server VM (24.51-b03 mixed mode bsd-amd64 compressed oops)
# Problematic frame:
# C  [libnet.dylib+0x6d25]  NET_Timeout+0x35a
#
# Failed to write core dump. Core dumps have been disabled. To enable core dumping, try "ulimit -c unlimited" before starting Java again
#
# If you would like to submit a bug report, please visit:
#   http://bugreport.sun.com/bugreport/crash.jsp
# The crash happened outside the Java Virtual Machine in native code.
# See problematic frame for where to report the bug.
#

---------------  T H R E A D  ---------------

Current thread (0x00007f923d2d0000):  JavaThread "Thread-1946" daemon [_thread_in_native, id=922115, stack(0x0000000180f3f000,0x000000018103f000)]

siginfo:si_signo=SIGSEGV: si_errno=0, si_code=0 (SEGV0), si_addr=0x0000000000000000

Registers:
RAX=0x00000000ffffffff, RBX=0x000000018102e350, RCX=0x0000000000000600, RDX=0x000000018102e1d4
RSP=0x000000018102e338, RBP=0x000000018103e380, RSI=0x0000060000000600, RDI=0x0000050000000603
R8 =0x000000018102e1dc, R9 =0x000000018102e1d8, R10=0x0000000000000081, R11=0x0000000100aa6178
R12=0x00000000000006ff, R13=0x0000000000002000, R14=0x00007f923d2d01e8, R15=0x0000000000001388
RIP=0x00000001100fad25, EFLAGS=0x0000000000010202, ERR=0x0000000000000000
  TRAPNO=0x000000000000000d

Top of Stack: (sp=0x000000018102e338)
0x000000018102e338:   80000001100f8418 000000018103e438
0x000000018102e348:   000000006f630a0d 495553495057203a
0x000000018102e358:   6769776d662d4554 303139352d3d7468
0x000000018102e368:   3538393438353130 0d38393730333937
0x000000018102e378:   67412d7200000000 76614a203a746e65
0x000000018102e388:   5f302e372e312f61 74736f480a0d3135
0x000000018102e398:   686c61636f6c203a 303830383a74736f
0x000000018102e3a8:   7470656363410a0d 682f74786574203a
0x000000018102e3b8:   616d69202c6c6d74 202c6669672f6567
0x000000018102e3c8:   706a2f6567616d69 71203b2a202c6765
0x000000018102e3d8:   2a2f2a202c322e3d 0a0d322e3d71203b
0x000000018102e3e8:   000000007c05d198 0000000000000000
0x000000018102e3f8:   000000007c045e20 0000000000000000
0x000000018102e408:   0000000000000000 0000000000000000
0x000000018102e418:   0000000000000000 0000000000000000
0x000000018102e428:   000000007c053b18 000000007c0503f8
0x000000018102e438:   0000000000000000 000000007c04d478
0x000000018102e448:   0000000000000000 0000000000000000
0x000000018102e458:   0000000000000000 000000007c045c68
0x000000018102e468:   0000000000000000 000000007c04f248
0x000000018102e478:   0000000000000000 0000000000000000
0x000000018102e488:   0000000000000000 0000000000000000
0x000000018102e498:   000000007c050e90 0000000000000000
0x000000018102e4a8:   000000007c02a1d8 000000007c059b78
0x000000018102e4b8:   0000000000000000 000000007c04d3d8
0x000000018102e4c8:   000000007c05a740 0000000000000000
0x000000018102e4d8:   0000000000000000 0000000000000000
0x000000018102e4e8:   0000000000000000 000000007c04f338
0x000000018102e4f8:   0000000000000000 0000000000000000
0x000000018102e508:   0000000000000000 0000000000000000
0x000000018102e518:   0000000000000000 0000000000000000
0x000000018102e528:   000000007c05a140 000000007c059ad8 

Instructions: (pc=0x00000001100fad25)
0x00000001100fad05:   48 85 f6 0f 8f 3c fe ff ff 45 31 e4 44 89 e0 48
0x00000001100fad15:   81 c4 08 01 00 00 5b 41 5c 41 5d 41 5e 41 5f 5d
0x00000001100fad25:   c3 55 48 89 e5 41 57 41 56 41 55 41 54 53 48 83
0x00000001100fad35:   ec 28 48 63 07 48 85 c0 0f 88 fd 00 00 00 39 05 

Register to memory mapping:

RAX=0x00000000ffffffff is an unknown value
RBX=0x000000018102e350 is pointing into the stack for thread: 0x00007f923d2d0000
RCX=0x0000000000000600 is an unknown value
RDX=0x000000018102e1d4 is pointing into the stack for thread: 0x00007f923d2d0000
RSP=0x000000018102e338 is pointing into the stack for thread: 0x00007f923d2d0000
RBP=0x000000018103e380 is pointing into the stack for thread: 0x00007f923d2d0000
RSI=0x0000060000000600 is an unknown value
RDI=0x0000050000000603 is an unknown value
R8 =0x000000018102e1dc is pointing into the stack for thread: 0x00007f923d2d0000
R9 =0x000000018102e1d8 is pointing into the stack for thread: 0x00007f923d2d0000
R10=0x0000000000000081 is an unknown value
R11=0x0000000100aa6178: _ZN20SafepointSynchronize18_safepoint_counterE+0 in /Library/Java/JavaVirtualMachines/jdk1.7.0_51.jdk/Contents/Home/jre/lib/server/libjvm.dylib at 0x000000010029a000
R12=0x00000000000006ff is an unknown value
R13=0x0000000000002000 is an unknown value
R14=0x00007f923d2d01e8 is an unknown value
R15=0x0000000000001388 is an unknown value


Stack: [0x0000000180f3f000,0x000000018103f000],  sp=0x000000018102e338,  free space=956k
Native frames: (J=compiled Java code, j=interpreted, Vv=VM code, C=native code)
C  [libnet.dylib+0x6d25]  NET_Timeout+0x35a
j  java.net.SocketInputStream.socketRead0(Ljava/io/FileDescriptor;[BIII)I+0
j  java.net.SocketInputStream.read([BIII)I+87
j  java.net.SocketInputStream.read([BII)I+11
j  java.io.BufferedInputStream.fill()V+175
j  java.io.BufferedInputStream.read1([BII)I+44
j  java.io.BufferedInputStream.read([BII)I+49
j  sun.net.www.http.HttpClient.parseHTTPHeader(Lsun/net/www/MessageHeader;Lsun/net/ProgressSource;Lsun/net/www/protocol/http/HttpURLConnection;)Z+51
j  sun.net.www.http.HttpClient.parseHTTP(Lsun/net/www/MessageHeader;Lsun/net/ProgressSource;Lsun/net/www/protocol/http/HttpURLConnection;)Z+56
j  sun.net.www.protocol.http.HttpURLConnection.getInputStream()Ljava/io/InputStream;+327
j  sun.net.www.protocol.http.HttpURLConnection.getHeaderFields()Ljava/util/Map;+1
j  edu.wpi.cs.wpisuitetng.network.RequestActor.run()V+231
v  ~StubRoutines::call_stub
V  [libjvm.dylib+0x2d6bb0]
V  [libjvm.dylib+0x2d70c7]
V  [libjvm.dylib+0x2d7204]
V  [libjvm.dylib+0x3261ea]
V  [libjvm.dylib+0x4efb57]
V  [libjvm.dylib+0x4f125f]
V  [libjvm.dylib+0x41b1d6]
C  [libsystem_c.dylib+0x4e8bf]  _pthread_start+0x14f
C  [libsystem_c.dylib+0x51b75]  thread_start+0xd

Java frames: (J=compiled Java code, j=interpreted, Vv=VM code)
j  java.net.SocketInputStream.socketRead0(Ljava/io/FileDescriptor;[BIII)I+0
j  java.net.SocketInputStream.read([BIII)I+87
j  java.net.SocketInputStream.read([BII)I+11
j  java.io.BufferedInputStream.fill()V+175
j  java.io.BufferedInputStream.read1([BII)I+44
j  java.io.BufferedInputStream.read([BII)I+49
j  sun.net.www.http.HttpClient.parseHTTPHeader(Lsun/net/www/MessageHeader;Lsun/net/ProgressSource;Lsun/net/www/protocol/http/HttpURLConnection;)Z+51
j  sun.net.www.http.HttpClient.parseHTTP(Lsun/net/www/MessageHeader;Lsun/net/ProgressSource;Lsun/net/www/protocol/http/HttpURLConnection;)Z+56
j  sun.net.www.protocol.http.HttpURLConnection.getInputStream()Ljava/io/InputStream;+327
j  sun.net.www.protocol.http.HttpURLConnection.getHeaderFields()Ljava/util/Map;+1
j  edu.wpi.cs.wpisuitetng.network.RequestActor.run()V+231
v  ~StubRoutines::call_stub

---------------  P R O C E S S  ---------------

Java Threads: ( => current thread )
  0x00007f924064c800 JavaThread "Thread-2263" daemon [_thread_in_native, id=1084419, stack(0x0000000194ff6000,0x00000001950f6000)]
  0x00007f924064c000 JavaThread "Thread-2262" daemon [_thread_in_native, id=1083907, stack(0x0000000194ef3000,0x0000000194ff3000)]
  0x00007f924064b000 JavaThread "Thread-2261" daemon [_thread_in_native, id=1083395, stack(0x0000000194df0000,0x0000000194ef0000)]
  0x00007f924064a800 JavaThread "Thread-2260" daemon [_thread_in_native, id=1082883, stack(0x0000000194ced000,0x0000000194ded000)]
  0x00007f9240649800 JavaThread "Thread-2259" daemon [_thread_in_native, id=1082371, stack(0x0000000194bea000,0x0000000194cea000)]
  0x00007f9240649000 JavaThread "Thread-2258" daemon [_thread_in_native, id=1081859, stack(0x0000000194ae7000,0x0000000194be7000)]
  0x00007f923be10000 JavaThread "Thread-2257" daemon [_thread_in_native, id=1081347, stack(0x00000001949e4000,0x0000000194ae4000)]
  0x00007f923be0f000 JavaThread "Thread-2256" daemon [_thread_in_native, id=1080835, stack(0x00000001948e1000,0x00000001949e1000)]
  0x00007f923be0e800 JavaThread "Thread-2255" daemon [_thread_in_native, id=1080323, stack(0x00000001947de000,0x00000001948de000)]
  0x00007f923be0d800 JavaThread "Thread-2254" daemon [_thread_in_native, id=1079811, stack(0x00000001946db000,0x00000001947db000)]
  0x00007f923be0d000 JavaThread "Thread-2253" daemon [_thread_in_native, id=1079299, stack(0x00000001945d8000,0x00000001946d8000)]
  0x00007f923be0c000 JavaThread "Thread-2252" daemon [_thread_in_native, id=1078787, stack(0x00000001944d5000,0x00000001945d5000)]
  0x00007f923be0b800 JavaThread "Thread-2251" daemon [_thread_in_native, id=1078275, stack(0x00000001943d2000,0x00000001944d2000)]
  0x00007f923be0a800 JavaThread "Thread-2250" daemon [_thread_in_native, id=1077763, stack(0x00000001942cf000,0x00000001943cf000)]
  0x00007f923be0a000 JavaThread "Thread-2249" daemon [_thread_in_native, id=1077251, stack(0x00000001941cc000,0x00000001942cc000)]
  0x00007f923be09000 JavaThread "Thread-2248" daemon [_thread_in_native, id=1076739, stack(0x00000001940c9000,0x00000001941c9000)]
  0x00007f923be08800 JavaThread "Thread-2247" daemon [_thread_in_native, id=1076227, stack(0x0000000193fc6000,0x00000001940c6000)]
  0x00007f923be07800 JavaThread "Thread-2246" daemon [_thread_in_native, id=1075715, stack(0x0000000193ec3000,0x0000000193fc3000)]
  0x00007f923be07000 JavaThread "Thread-2245" daemon [_thread_in_native, id=1075203, stack(0x0000000193dc0000,0x0000000193ec0000)]
  0x00007f923be06000 JavaThread "Thread-2244" daemon [_thread_in_native, id=1074691, stack(0x0000000193cbd000,0x0000000193dbd000)]
  0x00007f923be05800 JavaThread "Thread-2243" daemon [_thread_in_native, id=1074179, stack(0x0000000193bba000,0x0000000193cba000)]
  0x00007f923be04800 JavaThread "Thread-2242" daemon [_thread_in_native, id=1073667, stack(0x0000000193ab7000,0x0000000193bb7000)]
  0x00007f923be04000 JavaThread "Thread-2241" daemon [_thread_in_native, id=1073155, stack(0x00000001939b4000,0x0000000193ab4000)]
  0x00007f923be03000 JavaThread "Thread-2240" daemon [_thread_in_native, id=1072643, stack(0x00000001938b1000,0x00000001939b1000)]
  0x00007f923be02800 JavaThread "Thread-2239" daemon [_thread_in_native, id=1072131, stack(0x00000001937ae000,0x00000001938ae000)]
  0x00007f923be01800 JavaThread "Thread-2238" daemon [_thread_in_native, id=1071619, stack(0x00000001936ab000,0x00000001937ab000)]
  0x00007f923be01000 JavaThread "Thread-2237" daemon [_thread_in_native, id=1071107, stack(0x00000001935a8000,0x00000001936a8000)]
  0x00007f923d397000 JavaThread "Thread-2236" daemon [_thread_in_native, id=1070595, stack(0x00000001934a5000,0x00000001935a5000)]
  0x00007f923d396800 JavaThread "Thread-2235" daemon [_thread_in_native, id=1070083, stack(0x00000001933a2000,0x00000001934a2000)]
  0x00007f923be00000 JavaThread "Thread-2234" daemon [_thread_in_native, id=1069571, stack(0x000000019329f000,0x000000019339f000)]
  0x00007f923bdff800 JavaThread "Thread-2233" daemon [_thread_in_native, id=1069059, stack(0x000000019319c000,0x000000019329c000)]
  0x00007f923bdfe800 JavaThread "Thread-2232" daemon [_thread_in_native, id=1068547, stack(0x0000000193099000,0x0000000193199000)]
  0x00007f923bdfe000 JavaThread "Thread-2231" daemon [_thread_in_native, id=1068035, stack(0x0000000192f96000,0x0000000193096000)]
  0x00007f923bdfd000 JavaThread "Thread-2230" daemon [_thread_in_native, id=1067523, stack(0x0000000192e93000,0x0000000192f93000)]
  0x00007f923bdfc800 JavaThread "Thread-2229" daemon [_thread_in_native, id=1067011, stack(0x0000000192d90000,0x0000000192e90000)]
  0x00007f923bdfb800 JavaThread "Thread-2228" daemon [_thread_in_native, id=1066499, stack(0x0000000192c8d000,0x0000000192d8d000)]
  0x00007f923bdfb000 JavaThread "Thread-2227" daemon [_thread_in_native, id=1065987, stack(0x0000000192b8a000,0x0000000192c8a000)]
  0x00007f923bdfa000 JavaThread "Thread-2226" daemon [_thread_in_native, id=1065475, stack(0x0000000192a87000,0x0000000192b87000)]
  0x00007f923bdf9800 JavaThread "Thread-2225" daemon [_thread_in_native, id=1064963, stack(0x0000000192984000,0x0000000192a84000)]
  0x00007f923bdf8800 JavaThread "Thread-2224" daemon [_thread_in_native, id=1064451, stack(0x0000000192881000,0x0000000192981000)]
  0x00007f923bdf8000 JavaThread "Thread-2223" daemon [_thread_in_native, id=1063939, stack(0x000000019277e000,0x000000019287e000)]
  0x00007f923bdf7000 JavaThread "Thread-2222" daemon [_thread_in_native, id=1063427, stack(0x000000019267b000,0x000000019277b000)]
  0x00007f923bdf6800 JavaThread "Thread-2221" daemon [_thread_in_native, id=1062915, stack(0x0000000192578000,0x0000000192678000)]
  0x00007f923bdf5800 JavaThread "Thread-2220" daemon [_thread_in_native, id=1062403, stack(0x0000000192475000,0x0000000192575000)]
  0x00007f923bdf5000 JavaThread "Thread-2219" daemon [_thread_in_native, id=1061891, stack(0x0000000192372000,0x0000000192472000)]
  0x00007f923d395800 JavaThread "Thread-2218" daemon [_thread_in_native, id=1061379, stack(0x000000019226f000,0x000000019236f000)]
  0x00007f923d395000 JavaThread "Thread-2217" daemon [_thread_in_native, id=1060867, stack(0x000000019216c000,0x000000019226c000)]
  0x00007f923bdf4000 JavaThread "Thread-2216" daemon [_thread_in_native, id=1060355, stack(0x0000000192069000,0x0000000192169000)]
  0x00007f923bdf3800 JavaThread "Thread-2215" daemon [_thread_in_native, id=1059843, stack(0x0000000191f66000,0x0000000192066000)]
  0x00007f923bdf2800 JavaThread "Thread-2214" daemon [_thread_in_native, id=1059331, stack(0x0000000191e63000,0x0000000191f63000)]
  0x00007f923bdf2000 JavaThread "Thread-2213" daemon [_thread_in_native, id=1058819, stack(0x0000000191d60000,0x0000000191e60000)]
  0x00007f923d394000 JavaThread "Thread-2212" daemon [_thread_in_native, id=1058307, stack(0x0000000191c5d000,0x0000000191d5d000)]
  0x00007f923bdf1000 JavaThread "Thread-2211" daemon [_thread_in_native, id=1057795, stack(0x0000000191b5a000,0x0000000191c5a000)]
  0x00007f923bdf0800 JavaThread "Thread-2210" daemon [_thread_in_native, id=1057283, stack(0x0000000191a57000,0x0000000191b57000)]
  0x00007f923bdef800 JavaThread "Thread-2209" daemon [_thread_in_native, id=1056771, stack(0x0000000191954000,0x0000000191a54000)]
  0x00007f923d393800 JavaThread "Thread-2208" daemon [_thread_in_native, id=1056259, stack(0x0000000191851000,0x0000000191951000)]
  0x00007f923d392800 JavaThread "Thread-2207" daemon [_thread_in_native, id=1055747, stack(0x000000019174e000,0x000000019184e000)]
  0x00007f923d392000 JavaThread "Thread-2206" daemon [_thread_in_native, id=1055235, stack(0x000000019164b000,0x000000019174b000)]
  0x00007f923bdef000 JavaThread "Thread-2205" daemon [_thread_in_native, id=1054723, stack(0x0000000191548000,0x0000000191648000)]
  0x00007f923bdee000 JavaThread "Thread-2204" daemon [_thread_in_native, id=1054211, stack(0x0000000191445000,0x0000000191545000)]
  0x00007f923bded800 JavaThread "Thread-2203" daemon [_thread_in_native, id=1053699, stack(0x0000000191342000,0x0000000191442000)]
  0x00007f923bdec800 JavaThread "Thread-2202" daemon [_thread_in_native, id=1053187, stack(0x000000019123f000,0x000000019133f000)]
  0x00007f923bdec000 JavaThread "Thread-2201" daemon [_thread_in_native, id=1052675, stack(0x000000019113c000,0x000000019123c000)]
  0x00007f923bdeb000 JavaThread "Thread-2200" daemon [_thread_in_native, id=1052163, stack(0x0000000191039000,0x0000000191139000)]
  0x00007f923bdea800 JavaThread "Thread-2199" daemon [_thread_in_native, id=1051651, stack(0x0000000190f36000,0x0000000191036000)]
  0x00007f923bde9800 JavaThread "Thread-2198" daemon [_thread_in_native, id=1051139, stack(0x0000000190e33000,0x0000000190f33000)]
  0x00007f923bde9000 JavaThread "Thread-2197" daemon [_thread_in_native, id=1050627, stack(0x0000000190d30000,0x0000000190e30000)]
  0x00007f923bde8000 JavaThread "Thread-2196" daemon [_thread_in_native, id=1050115, stack(0x0000000190c2d000,0x0000000190d2d000)]
  0x00007f923bde7800 JavaThread "Thread-2195" daemon [_thread_in_native, id=1049603, stack(0x0000000190b2a000,0x0000000190c2a000)]
  0x00007f923bde6800 JavaThread "Thread-2194" daemon [_thread_in_native, id=1049091, stack(0x0000000190a27000,0x0000000190b27000)]
  0x00007f923bde6000 JavaThread "Thread-2193" daemon [_thread_in_native, id=1048579, stack(0x0000000190924000,0x0000000190a24000)]
  0x00007f923bde5000 JavaThread "Thread-2192" daemon [_thread_in_native, id=1048067, stack(0x0000000190821000,0x0000000190921000)]
  0x00007f923bde4800 JavaThread "Thread-2191" daemon [_thread_in_native, id=1047555, stack(0x000000019071e000,0x000000019081e000)]
  0x00007f923bde3800 JavaThread "Thread-2190" daemon [_thread_in_native, id=1047043, stack(0x000000019061b000,0x000000019071b000)]
  0x00007f923bde3000 JavaThread "Thread-2189" daemon [_thread_in_native, id=1046531, stack(0x0000000190518000,0x0000000190618000)]
  0x00007f923bde2000 JavaThread "Thread-2188" daemon [_thread_in_native, id=1046019, stack(0x0000000190415000,0x0000000190515000)]
  0x00007f923bde1800 JavaThread "Thread-2187" daemon [_thread_in_native, id=1045507, stack(0x0000000190312000,0x0000000190412000)]
  0x00007f923bde0800 JavaThread "Thread-2186" daemon [_thread_in_native, id=1044995, stack(0x000000019020f000,0x000000019030f000)]
  0x00007f923d391000 JavaThread "Thread-2185" daemon [_thread_in_native, id=1044483, stack(0x000000019010c000,0x000000019020c000)]
  0x00007f923d2ef800 JavaThread "Thread-2184" daemon [_thread_in_native, id=1043971, stack(0x0000000190009000,0x0000000190109000)]
  0x00007f923d2ee800 JavaThread "Thread-2183" daemon [_thread_in_native, id=1043459, stack(0x000000018ff06000,0x0000000190006000)]
  0x00007f923bde0000 JavaThread "Thread-2182" daemon [_thread_in_native, id=1042947, stack(0x000000018fe03000,0x000000018ff03000)]
  0x00007f923bddf000 JavaThread "Thread-2181" daemon [_thread_in_native, id=1042435, stack(0x000000018fd00000,0x000000018fe00000)]
  0x00007f923bdde800 JavaThread "Thread-2180" daemon [_thread_in_native, id=1041923, stack(0x000000018fbfd000,0x000000018fcfd000)]
  0x00007f923bddd800 JavaThread "Thread-2179" daemon [_thread_in_native, id=1041411, stack(0x000000018fafa000,0x000000018fbfa000)]
  0x00007f923bddd000 JavaThread "Thread-2178" daemon [_thread_in_native, id=1040899, stack(0x000000018f9f7000,0x000000018faf7000)]
  0x00007f9240648000 JavaThread "Thread-2177" daemon [_thread_in_native, id=1040387, stack(0x000000018f8f4000,0x000000018f9f4000)]
  0x00007f9240647800 JavaThread "Thread-2176" daemon [_thread_in_native, id=1039875, stack(0x000000018f7f1000,0x000000018f8f1000)]
  0x00007f9240646800 JavaThread "Thread-2175" daemon [_thread_in_native, id=1039363, stack(0x000000018f6ee000,0x000000018f7ee000)]
  0x00007f9240646000 JavaThread "Thread-2174" daemon [_thread_in_native, id=1038851, stack(0x000000018f5eb000,0x000000018f6eb000)]
  0x00007f9240645000 JavaThread "Thread-2173" daemon [_thread_in_native, id=1038339, stack(0x000000018f4e8000,0x000000018f5e8000)]
  0x00007f9240644800 JavaThread "Thread-2172" daemon [_thread_in_native, id=1037827, stack(0x000000018f3e5000,0x000000018f4e5000)]
  0x00007f9240643800 JavaThread "Thread-2171" daemon [_thread_in_native, id=1037315, stack(0x000000018f2e2000,0x000000018f3e2000)]
  0x00007f923d2ee000 JavaThread "Thread-2170" daemon [_thread_in_native, id=1036803, stack(0x000000018f1df000,0x000000018f2df000)]
  0x00007f923d2ed000 JavaThread "Thread-2169" daemon [_thread_in_native, id=1036291, stack(0x000000018f0dc000,0x000000018f1dc000)]
  0x00007f9240643000 JavaThread "Thread-2168" daemon [_thread_in_native, id=1035779, stack(0x000000018efd9000,0x000000018f0d9000)]
  0x00007f9240642000 JavaThread "Thread-2167" daemon [_thread_in_native, id=1035267, stack(0x000000018eed6000,0x000000018efd6000)]
  0x00007f9240641800 JavaThread "Thread-2166" daemon [_thread_in_native, id=1034755, stack(0x000000018edd3000,0x000000018eed3000)]
  0x00007f9240640800 JavaThread "Thread-2165" daemon [_thread_in_native, id=1034243, stack(0x000000018ecd0000,0x000000018edd0000)]
  0x00007f9240640000 JavaThread "Thread-2164" daemon [_thread_in_native, id=1033731, stack(0x000000018ebcd000,0x000000018eccd000)]
  0x00007f923d2ec800 JavaThread "Thread-2163" daemon [_thread_in_native, id=1033219, stack(0x000000018eaca000,0x000000018ebca000)]
  0x00007f923bddc000 JavaThread "Thread-2162" daemon [_thread_in_native, id=1032707, stack(0x000000018e9c7000,0x000000018eac7000)]
  0x00007f923bddb800 JavaThread "Thread-2161" daemon [_thread_in_native, id=1032195, stack(0x000000018e8c4000,0x000000018e9c4000)]
  0x00007f923bdda800 JavaThread "Thread-2160" daemon [_thread_in_native, id=1031683, stack(0x000000018e7c1000,0x000000018e8c1000)]
  0x00007f923bdda000 JavaThread "Thread-2159" daemon